<?xml version="1.0" encoding="UTF-8"?>
<!-- Generated by org.testng.reporters.JUnitReportReporter -->
<testsuite hostname="Shivam-PC" failures="0" tests="1" name="testCases.TC_001_AccountRegistrationTest" time="4.387" errors="0" timestamp="2024-05-11T06:28:29 IST" skipped="0">
  <testcase classname="testCases.TC_001_AccountRegistrationTest" name="verify_account_registration" time="4.387"/>
</testsuite> <!-- testCases.TC_001_AccountRegistrationTest -->
