<?xml version="1.0" encoding="UTF-8"?>
<!-- Generated by org.testng.reporters.JUnitReportReporter -->
<testsuite hostname="Shivam-PC" failures="0" tests="4" name="testCases.TC_003_LoginDDT" time="24.279" errors="0" timestamp="2024-05-09T15:50:47 IST" skipped="0">
  <testcase classname="testCases.TC_003_LoginDDT" name="verify_loginDDT" time="10.815"/>
  <testcase classname="testCases.TC_003_LoginDDT" name="verify_loginDDT" time="1.421"/>
  <testcase classname="testCases.TC_003_LoginDDT" name="verify_loginDDT" time="10.846"/>
  <testcase classname="testCases.TC_003_LoginDDT" name="verify_loginDDT" time="1.197"/>
</testsuite> <!-- testCases.TC_003_LoginDDT -->
