<?xml version="1.0" encoding="UTF-8"?>
<!-- Generated by org.testng.reporters.JUnitReportReporter -->
<testsuite hostname="Shivam-PC" failures="0" tests="1" name="testCases.TC_001_AccountRegistrationTest" time="4.768" errors="0" timestamp="2024-05-11T10:11:39 IST" skipped="0">
  <testcase classname="testCases.TC_001_AccountRegistrationTest" name="verify_account_registration" time="4.768"/>
</testsuite> <!-- testCases.TC_001_AccountRegistrationTest -->
